<?xml version="1.0" encoding="UTF-8" ?>
<testsuite errors="0" failures="1" hostname="DESKTOP-47JQ6TU" name="CalcTests" skipped="0" tests="4" time="0.072" timestamp="2018-02-26T23:42:20">
  <properties>
    <property name="java.vendor" value="Oracle Corporation" />
    <property name="env.USERDOMAIN_ROAMINGPROFILE" value="DESKTOP-47JQ6TU" />
    <property name="sun.java.launcher" value="SUN_STANDARD" />
    <property name="ant.file.CSE321-HW2" value="C:\Users\Schmidty15\Documents\Connor\EclipseWorkspace\CSE321-HW2\build.xml" />
    <property name="sun.management.compiler" value="HotSpot 64-Bit Tiered Compilers" />
    <property name="env.PROMPT" value="$P$G" />
    <property name="os.name" value="Windows 10" />
    <property name="sun.boot.class.path" value="C:\Program Files\Java\jdk1.8.0_161\jre\lib\resources.jar;C:\Program Files\Java\jdk1.8.0_161\jre\lib\rt.jar;C:\Program Files\Java\jdk1.8.0_161\jre\lib\sunrsasign.jar;C:\Program Files\Java\jdk1.8.0_161\jre\lib\jsse.jar;C:\Program Files\Java\jdk1.8.0_161\jre\lib\jce.jar;C:\Program Files\Java\jdk1.8.0_161\jre\lib\charsets.jar;C:\Program Files\Java\jdk1.8.0_161\jre\lib\jfr.jar;C:\Program Files\Java\jdk1.8.0_161\jre\classes" />
    <property name="env.COMPUTERNAME" value="DESKTOP-47JQ6TU" />
    <property name="env.CommonProgramW6432" value="C:\Program Files\Common Files" />
    <property name="env.ADSK_CLM_WPAD_PROXY_CHECK" value="FALSE" />
    <property name="env.ALLUSERSPROFILE" value="C:\ProgramData" />
    <property name="env.GTK_BASEPATH" value="C:\Program Files (x86)\GtkSharp\2.12\" />
    <property name="sun.desktop" value="windows" />
    <property name="java.vm.specification.vendor" value="Oracle Corporation" />
    <property name="ant.home" value="C:\Users\Schmidty15\.p2\pool\plugins\org.apache.ant_1.10.1.v20170504-0840" />
    <property name="java.runtime.version" value="1.8.0_161-b12" />
    <property name="env.HOMEPATH" value="\Users\Schmidty15" />
    <property name="user.name" value="Schmidty15" />
    <property name="user.language" value="en" />
    <property name="sun.boot.library.path" value="C:\Program Files\Java\jdk1.8.0_161\jre\bin" />
    <property name="ant.project.default-target" value="build" />
    <property name="ant.project.name" value="CSE321-HW2" />
    <property name="java.version" value="1.8.0_161" />
    <property name="env.PROCESSOR_IDENTIFIER" value="Intel64 Family 6 Model 94 Stepping 3, GenuineIntel" />
    <property name="user.timezone" value="" />
    <property name="env.TEMP" value="C:\Users\Schmidty15\AppData\Local\Temp" />
    <property name="sun.arch.data.model" value="64" />
    <property name="java.endorsed.dirs" value="C:\Program Files\Java\jdk1.8.0_161\jre\lib\endorsed" />
    <property name="sun.cpu.isalist" value="amd64" />
    <property name="env.HOMEDRIVE" value="C:" />
    <property name="sun.jnu.encoding" value="Cp1252" />
    <property name="file.encoding.pkg" value="sun.io" />
    <property name="env.VS110COMNTOOLS" value="C:\Program Files (x86)\Microsoft Visual Studio 11.0\Common7\Tools\" />
    <property name="file.separator" value="\" />
    <property name="java.specification.name" value="Java Platform API Specification" />
    <property name="java.class.version" value="52.0" />
    <property name="user.country" value="US" />
    <property name="java.home" value="C:\Program Files\Java\jdk1.8.0_161\jre" />
    <property name="env.PSModulePath" value="C:\Program Files\WindowsPowerShell\Modules;C:\WINDOWS\system32\WindowsPowerShell\v1.0\Modules;C:\Program Files\WindowsPowerShell\Modules\;C:\Program Files (x86)\Microsoft SDKs\Azure\PowerShell\ResourceManager\AzureResourceManager\;C:\Program Files (x86)\Microsoft SDKs\Azure\PowerShell\ServiceManagement\;C:\Program Files (x86)\Microsoft SDKs\Azure\PowerShell\Storage\" />
    <property name="env.APPDATA" value="C:\Users\Schmidty15\AppData\Roaming" />
    <property name="env.PUBLIC" value="C:\Users\Public" />
    <property name="java.vm.info" value="mixed mode" />
    <property name="env.ComSpec" value="C:\WINDOWS\system32\cmd.exe" />
    <property name="env.OS" value="Windows_NT" />
    <property name="env.CommonProgramFiles" value="C:\Program Files\Common Files" />
    <property name="ant.file" value="C:\Users\Schmidty15\Documents\Connor\EclipseWorkspace\CSE321-HW2\build.xml" />
    <property name="os.version" value="10.0" />
    <property name="env.ProgramW6432" value="C:\Program Files" />
    <property name="path.separator" value=";" />
    <property name="env.OMP_NUM_THREADS" value="8" />
    <property name="java.vm.version" value="25.161-b12" />
    <property name="env.USERPROFILE" value="C:\Users\Schmidty15" />
    <property name="user.variant" value="" />
    <property name="ant.library.dir" value="C:\Users\Schmidty15\.p2\pool\plugins\org.apache.ant_1.10.1.v20170504-0840\lib" />
    <property name="junit.output.dir" value="junit" />
    <property name="java.awt.printerjob" value="sun.awt.windows.WPrinterJob" />
    <property name="env.TMP" value="C:\Users\Schmidty15\AppData\Local\Temp" />
    <property name="env.FPS_BROWSER_USER_PROFILE_STRING" value="Default" />
    <property name="sun.io.unicode.encoding" value="UnicodeLittle" />
    <property name="awt.toolkit" value="sun.awt.windows.WToolkit" />
    <property name="user.script" value="" />
    <property name="user.home" value="C:\Users\Schmidty15" />
    <property name="target" value="1.8" />
    <property name="env.ProgramData" value="C:\ProgramData" />
    <property name="env.VS140COMNTOOLS" value="C:\Program Files (x86)\Microsoft Visual Studio 14.0\Common7\Tools\" />
    <property name="env.SESSIONNAME" value="Console" />
    <property name="env.ProgramFiles(x86)" value="C:\Program Files (x86)" />
    <property name="java.specification.vendor" value="Oracle Corporation" />
    <property name="java.vendor.url" value="http://java.oracle.com/" />
    <property name="env.NUMBER_OF_PROCESSORS" value="8" />
    <property name="java.library.path" value="C:\Program Files\Java\jdk1.8.0_161\jre\bin;C:\WINDOWS\Sun\Java\bin;C:\WINDOWS\system32;C:\WINDOWS;C:/Program Files/Java/jdk1.8.0_161/jre/bin/server;C:/Program Files/Java/jdk1.8.0_161/jre/bin;C:/Program Files/Java/jdk1.8.0_161/jre/lib/amd64;C:\Program Files (x86)\Intel\iCLS Client\;C:\Program Files\Dell\DW WLAN Card;C:\Program Files\Intel\iCLS Client\;C:\Windows\system32;C:\Windows;C:\Windows\System32\Wbem;C:\Windows\System32\WindowsPowerShell\v1.0\;C:\Program Files\WIDCOMM\Bluetooth Software\;C:\Program Files\WIDCOMM\Bluetooth Software\syswow64;C:\Program Files (x86)\NVIDIA Corporation\PhysX\Common;C:\WINDOWS\system32;C:\WINDOWS;C:\WINDOWS\System32\Wbem;C:\WINDOWS\System32\WindowsPowerShell\v1.0\;C:\Users\Schmidty15\.dnx\bin;C:\Program Files\Microsoft DNX\Dnvm\;C:\Program Files\Microsoft SQL Server\130\Tools\Binn\;C:\Program Files (x86)\GtkSharp\2.12\bin;C:\Program Files (x86)\Windows Kits\10\Windows Performance Toolkit\;C:\Program Files\dotnet\;C:\WINDOWS\system32;C:\WINDOWS;C:\WINDOWS\System32\Wbem;C:\WINDOWS\System32\WindowsPowerShell\v1.0\;C:\Program Files (x86)\Microsoft SQL Server\Client SDK\ODBC\130\Tools\Binn\;C:\Program Files (x86)\Microsoft SQL Server\140\Tools\Binn\;C:\Program Files (x86)\Microsoft SQL Server\140\DTS\Binn\;C:\Program Files (x86)\Microsoft SQL Server\140\Tools\Binn\ManagementStudio\;C:\Program Files (x86)\Intel\Intel(R) Management Engine Components\DAL;C:\Program Files\Intel\Intel(R) Management Engine Components\DAL;C:\Program Files (x86)\Intel\Intel(R) Management Engine Components\IPT;C:\Program Files\Intel\Intel(R) Management Engine Components\IPT;C:\Program Files\nodejs\;C:\Program Files (x86)\Yarn\bin;C:\Program Files\Git\cmd;C:\Users\Schmidty15\AppData\Local\Microsoft\WindowsApps;C:\Windows\Microsoft.NET\Framework64\v4.0.30319\;C:\Users\Schmidty15\AppData\Roaming\npm;C:\Users\Schmidty15\AppData\Local\Yarn\bin;C:\Users\Schmidty15\Desktop;;." />
    <property name="java.vm.vendor" value="Oracle Corporation" />
    <property name="java.runtime.name" value="Java(TM) SE Runtime Environment" />
    <property name="ant.version" value="Apache Ant(TM) version 1.10.1 compiled on February 2 2017" />
    <property name="java.class.path" value="C:\Users\Schmidty15\Documents\Connor\EclipseWorkspace\CSE321-HW2\bin;C:\Users\Schmidty15\Documents\Connor\EclipseWorkspace\CSE321-HW2\junit.jar;C:\Users\Schmidty15\Documents\Connor\EclipseWorkspace\CSE321-HW2\org.hamcrest.core_1.3.0.v201303031735.jar;C:\Users\Schmidty15\.p2\pool\plugins\org.apache.ant_1.10.1.v20170504-0840\lib\ant-launcher.jar;C:\Users\Schmidty15\.p2\pool\plugins\org.apache.ant_1.10.1.v20170504-0840\lib\ant.jar;C:\Users\Schmidty15\.p2\pool\plugins\org.apache.ant_1.10.1.v20170504-0840\lib\ant-junit.jar;C:\Users\Schmidty15\.p2\pool\plugins\org.apache.ant_1.10.1.v20170504-0840\lib\ant-junit4.jar" />
    <property name="sun.java.command" value="org.apache.tools.ant.taskdefs.optional.junit.JUnitTestRunner CalcTests skipNonTests=false filtertrace=true haltOnError=false haltOnFailure=false formatter=org.apache.tools.ant.taskdefs.optional.junit.OutErrSummaryJUnitResultFormatter showoutput=false outputtoformatters=true logfailedtests=true threadid=0 logtestlistenerevents=false formatter=org.apache.tools.ant.taskdefs.optional.junit.XMLJUnitResultFormatter,C:\Users\Schmidty15\Documents\Connor\EclipseWorkspace\CSE321-HW2\junit\TEST-CalcTests.xml crashfile=C:\Users\Schmidty15\Documents\Connor\EclipseWorkspace\CSE321-HW2\junitvmwatcher4989848843038003515.properties propsfile=C:\Users\Schmidty15\Documents\Connor\EclipseWorkspace\CSE321-HW2\junit2315261957450966038.properties" />
    <property name="env.VS150COMCOMNTOOLS" value="C:\Program Files (x86)\Microsoft Visual Studio\2017\Community\Common7\Tools\" />
    <property name="java.vm.specification.name" value="Java Virtual Machine Specification" />
    <property name="env.windir" value="C:\WINDOWS" />
    <property name="env.LOGONSERVER" value="\\DESKTOP-47JQ6TU" />
    <property name="env.PROCESSOR_ARCHITECTURE" value="AMD64" />
    <property name="java.vm.specification.version" value="1.8" />
    <property name="sun.os.patch.level" value="" />
    <property name="sun.cpu.endian" value="little" />
    <property name="env.OneDrive" value="C:\Users\Schmidty15\OneDrive" />
    <property name="debuglevel" value="source,lines,vars" />
    <property name="env.ANT_HOME" value="C:\Users\Schmidty15\.p2\pool\plugins\org.apache.ant_1.10.1.v20170504-0840" />
    <property name="env.ProgramFiles" value="C:\Program Files" />
    <property name="java.io.tmpdir" value="C:\Users\Schmidty15\AppData\Local\Temp\" />
    <property name="env.PROCESSOR_REVISION" value="5e03" />
    <property name="env.CommonProgramFiles(x86)" value="C:\Program Files (x86)\Common Files" />
    <property name="env.VS120COMNTOOLS" value="C:\Program Files (x86)\Microsoft Visual Studio 12.0\Common7\Tools\" />
    <property name="java.vendor.url.bug" value="http://bugreport.sun.com/bugreport/" />
    <property name="env.SystemRoot" value="C:\WINDOWS" />
    <property name="env.FPS_BROWSER_APP_PROFILE_STRING" value="Internet Explorer" />
    <property name="java.awt.graphicsenv" value="sun.awt.Win32GraphicsEnvironment" />
    <property name="os.arch" value="amd64" />
    <property name="java.ext.dirs" value="C:\Program Files\Java\jdk1.8.0_161\jre\lib\ext;C:\WINDOWS\Sun\Java\lib\ext" />
    <property name="env.LOCALAPPDATA" value="C:\Users\Schmidty15\AppData\Local" />
    <property name="user.dir" value="C:\Users\Schmidty15\Documents\Connor\EclipseWorkspace\CSE321-HW2" />
    <property name="env.FSHARPINSTALLDIR" value="C:\Program Files (x86)\Microsoft SDKs\F#\4.1\Framework\v4.0\" />
    <property name="line.separator" value="&#xd;&#xa;" />
    <property name="java.vm.name" value="Java HotSpot(TM) 64-Bit Server VM" />
    <property name="env.PATHEXT" value=".COM;.EXE;.BAT;.CMD;.VBS;.VBE;.JS;.JSE;.WSF;.WSH;.MSC" />
    <property name="env.Path" value="C:/Program Files/Java/jdk1.8.0_161/jre/bin/server;C:/Program Files/Java/jdk1.8.0_161/jre/bin;C:/Program Files/Java/jdk1.8.0_161/jre/lib/amd64;C:\Program Files (x86)\Intel\iCLS Client\;C:\Program Files\Dell\DW WLAN Card;C:\Program Files\Intel\iCLS Client\;C:\Windows\system32;C:\Windows;C:\Windows\System32\Wbem;C:\Windows\System32\WindowsPowerShell\v1.0\;C:\Program Files\WIDCOMM\Bluetooth Software\;C:\Program Files\WIDCOMM\Bluetooth Software\syswow64;C:\Program Files (x86)\NVIDIA Corporation\PhysX\Common;C:\WINDOWS\system32;C:\WINDOWS;C:\WINDOWS\System32\Wbem;C:\WINDOWS\System32\WindowsPowerShell\v1.0\;C:\Users\Schmidty15\.dnx\bin;C:\Program Files\Microsoft DNX\Dnvm\;C:\Program Files\Microsoft SQL Server\130\Tools\Binn\;C:\Program Files (x86)\GtkSharp\2.12\bin;C:\Program Files (x86)\Windows Kits\10\Windows Performance Toolkit\;C:\Program Files\dotnet\;C:\WINDOWS\system32;C:\WINDOWS;C:\WINDOWS\System32\Wbem;C:\WINDOWS\System32\WindowsPowerShell\v1.0\;C:\Program Files (x86)\Microsoft SQL Server\Client SDK\ODBC\130\Tools\Binn\;C:\Program Files (x86)\Microsoft SQL Server\140\Tools\Binn\;C:\Program Files (x86)\Microsoft SQL Server\140\DTS\Binn\;C:\Program Files (x86)\Microsoft SQL Server\140\Tools\Binn\ManagementStudio\;C:\Program Files (x86)\Intel\Intel(R) Management Engine Components\DAL;C:\Program Files\Intel\Intel(R) Management Engine Components\DAL;C:\Program Files (x86)\Intel\Intel(R) Management Engine Components\IPT;C:\Program Files\Intel\Intel(R) Management Engine Components\IPT;C:\Program Files\nodejs\;C:\Program Files (x86)\Yarn\bin;C:\Program Files\Git\cmd;C:\Users\Schmidty15\AppData\Local\Microsoft\WindowsApps;C:\Windows\Microsoft.NET\Framework64\v4.0.30319\;C:\Users\Schmidty15\AppData\Roaming\npm;C:\Users\Schmidty15\AppData\Local\Yarn\bin;C:\Users\Schmidty15\Desktop;" />
    <property name="basedir" value="C:\Users\Schmidty15\Documents\Connor\EclipseWorkspace\CSE321-HW2" />
    <property name="ant.java.version" value="1.8" />
    <property name="ant.core.lib" value="C:\Users\Schmidty15\.p2\pool\plugins\org.apache.ant_1.10.1.v20170504-0840\lib\ant.jar" />
    <property name="env.USERNAME" value="Schmidty15" />
    <property name="env.MYSQLCONNECTOR_ASSEMBLIESPATH" value="C:\Program Files (x86)\MySQL\MySQL Connector Net 6.9.8\Assemblies\v4.5" />
    <property name="env.SystemDrive" value="C:" />
    <property name="source" value="1.8" />
    <property name="file.encoding" value="Cp1252" />
    <property name="env.USERDOMAIN" value="DESKTOP-47JQ6TU" />
    <property name="ant.file.type.CSE321-HW2" value="file" />
    <property name="java.specification.version" value="1.8" />
    <property name="ant.project.invoked-targets" value="CalcTests" />
    <property name="env.PROCESSOR_LEVEL" value="6" />
  </properties>
  <testcase classname="CalcTests" name="testAdd" time="0.001" />
  <testcase classname="CalcTests" name="testSubtract" time="0.0" />
  <testcase classname="CalcTests" name="testDivide" time="0.005">
    <failure message="expected:&lt;5.5&gt; but was:&lt;5.0&gt;" type="junit.framework.AssertionFailedError">junit.framework.AssertionFailedError: expected:&lt;5.5&gt; but was:&lt;5.0&gt;
	at CalcTests.testDivide(CalcTests.java:31)
</failure>
  </testcase>
  <testcase classname="CalcTests" name="testMultiply" time="0.0" />
  <system-out><![CDATA[]]></system-out>
  <system-err><![CDATA[]]></system-err>
</testsuite>
